Fix Script started
Run function started...
--- BEFORE FIX ---
Participaciones: [
  {
    "id": 242,
    "jugador_id": 624,
    "fecha_torneo_id": 63,
    "categoria_id": 25,
    "instancia_alcanzada": "semis",
    "puntos_obtenidos": 60,
    "observaciones": null,
    "created_at": "2026-03-09T17:49:38.088Z"
  },
  {
    "id": 243,
    "jugador_id": 688,
    "fecha_torneo_id": 63,
    "categoria_id": 25,
    "instancia_alcanzada": "semis",
    "puntos_obtenidos": 60,
    "observaciones": null,
    "created_at": "2026-03-09T17:49:38.500Z"
  },
  {
    "id": 232,
    "jugador_id": 519,
    "fecha_torneo_id": 63,
    "categoria_id": 25,
    "instancia_alcanzada": "semis",
    "puntos_obtenidos": 60,
    "observaciones": null,
    "created_at": "2026-03-09T17:49:34.095Z"
  },
  {
    "id": 233,
    "jugador_id": 629,
    "fecha_torneo_id": 63,
    "categoria_id": 25,
    "instancia_alcanzada": "semis",
    "puntos_obtenidos": 60,
    "observaciones": null,
    "created_at": "2026-03-09T17:49:34.511Z"
  }
]
Puntos Categoria: [
  {
    "id": 190,
    "jugador_id": 629,
    "categoria_id": 25,
    "puntos_acumulados": 60,
    "partidos_jugados": 0,
    "torneos_jugados": 1,
    "mejor_resultado": "zona",
    "updated_at": "2026-03-09T17:49:55.193Z"
  },
  {
    "id": 181,
    "jugador_id": 519,
    "categoria_id": 25,
    "puntos_acumulados": 60,
    "partidos_jugados": 0,
    "torneos_jugados": 1,
    "mejor_resultado": "zona",
    "updated_at": "2026-03-09T17:49:54.179Z"
  },
  {
    "id": 187,
    "jugador_id": 624,
    "categoria_id": 25,
    "puntos_acumulados": 60,
    "partidos_jugados": 0,
    "torneos_jugados": 1,
    "mejor_resultado": "zona",
    "updated_at": "2026-03-09T17:50:04.069Z"
  },
  {
    "id": 202,
    "jugador_id": 688,
    "categoria_id": 25,
    "puntos_acumulados": 60,
    "partidos_jugados": 0,
    "torneos_jugados": 1,
    "mejor_resultado": "zona",
    "updated_at": "2026-03-09T17:49:39.319Z"
  }
]

--- EXECUTING FIX ---
Updated Participaciones: [
  {
    "id": 242,
    "jugador_id": 624,
    "fecha_torneo_id": 63,
    "categoria_id": 25,
    "instancia_alcanzada": "zona",
    "puntos_obtenidos": 10,
    "observaciones": null,
    "created_at": "2026-03-09T17:49:38.088Z"
  },
  {
    "id": 243,
    "jugador_id": 688,
    "fecha_torneo_id": 63,
    "categoria_id": 25,
    "instancia_alcanzada": "zona",
    "puntos_obtenidos": 10,
    "observaciones": null,
    "created_at": "2026-03-09T17:49:38.500Z"
  },
  {
    "id": 232,
    "jugador_id": 519,
    "fecha_torneo_id": 63,
    "categoria_id": 25,
    "instancia_alcanzada": "zona",
    "puntos_obtenidos": 10,
    "observaciones": null,
    "created_at": "2026-03-09T17:49:34.095Z"
  },
  {
    "id": 233,
    "jugador_id": 629,
    "fecha_torneo_id": 63,
    "categoria_id": 25,
    "instancia_alcanzada": "zona",
    "puntos_obtenidos": 10,
    "observaciones": null,
    "created_at": "2026-03-09T17:49:34.511Z"
  }
]
Updated Puntos Categoria: [
  {
    "id": 190,
    "jugador_id": 629,
    "categoria_id": 25,
    "puntos_acumulados": 10,
    "partidos_jugados": 0,
    "torneos_jugados": 1,
    "mejor_resultado": "zona",
    "updated_at": "2026-03-09T17:49:55.193Z"
  },
  {
    "id": 181,
    "jugador_id": 519,
    "categoria_id": 25,
    "puntos_acumulados": 10,
    "partidos_jugados": 0,
    "torneos_jugados": 1,
    "mejor_resultado": "zona",
    "updated_at": "2026-03-09T17:49:54.179Z"
  },
  {
    "id": 187,
    "jugador_id": 624,
    "categoria_id": 25,
    "puntos_acumulados": 10,
    "partidos_jugados": 0,
    "torneos_jugados": 1,
    "mejor_resultado": "zona",
    "updated_at": "2026-03-09T17:50:04.069Z"
  },
  {
    "id": 202,
    "jugador_id": 688,
    "categoria_id": 25,
    "puntos_acumulados": 10,
    "partidos_jugados": 0,
    "torneos_jugados": 1,
    "mejor_resultado": "zona",
    "updated_at": "2026-03-09T17:49:39.319Z"
  }
]

--- VERIFICATION ---
Participaciones: [
  {
    "id": 242,
    "jugador_id": 624,
    "fecha_torneo_id": 63,
    "categoria_id": 25,
    "instancia_alcanzada": "zona",
    "puntos_obtenidos": 10,
    "observaciones": null,
    "created_at": "2026-03-09T17:49:38.088Z"
  },
  {
    "id": 243,
    "jugador_id": 688,
    "fecha_torneo_id": 63,
    "categoria_id": 25,
    "instancia_alcanzada": "zona",
    "puntos_obtenidos": 10,
    "observaciones": null,
    "created_at": "2026-03-09T17:49:38.500Z"
  },
  {
    "id": 232,
    "jugador_id": 519,
    "fecha_torneo_id": 63,
    "categoria_id": 25,
    "instancia_alcanzada": "zona",
    "puntos_obtenidos": 10,
    "observaciones": null,
    "created_at": "2026-03-09T17:49:34.095Z"
  },
  {
    "id": 233,
    "jugador_id": 629,
    "fecha_torneo_id": 63,
    "categoria_id": 25,
    "instancia_alcanzada": "zona",
    "puntos_obtenidos": 10,
    "observaciones": null,
    "created_at": "2026-03-09T17:49:34.511Z"
  }
]
Puntos Categoria: [
  {
    "id": 190,
    "jugador_id": 629,
    "categoria_id": 25,
    "puntos_acumulados": 10,
    "partidos_jugados": 0,
    "torneos_jugados": 1,
    "mejor_resultado": "zona",
    "updated_at": "2026-03-09T17:49:55.193Z"
  },
  {
    "id": 181,
    "jugador_id": 519,
    "categoria_id": 25,
    "puntos_acumulados": 10,
    "partidos_jugados": 0,
    "torneos_jugados": 1,
    "mejor_resultado": "zona",
    "updated_at": "2026-03-09T17:49:54.179Z"
  },
  {
    "id": 187,
    "jugador_id": 624,
    "categoria_id": 25,
    "puntos_acumulados": 10,
    "partidos_jugados": 0,
    "torneos_jugados": 1,
    "mejor_resultado": "zona",
    "updated_at": "2026-03-09T17:50:04.069Z"
  },
  {
    "id": 202,
    "jugador_id": 688,
    "categoria_id": 25,
    "puntos_acumulados": 10,
    "partidos_jugados": 0,
    "torneos_jugados": 1,
    "mejor_resultado": "zona",
    "updated_at": "2026-03-09T17:49:39.319Z"
  }
]
Script finished
